/workspace/.venv/lib/python3.10/site-packages/papermill/iorw.py:149: UserWarning: the file is not specified with any extension : -
  warnings.warn(f"the file is not specified with any extension : {os.path.basename(path)}")
Traceback (most recent call last):
  File "/workspace/.venv/bin/papermill", line 8, in <module>
    sys.exit(papermill())
  File "/workspace/.venv/lib/python3.10/site-packages/click/core.py", line 1157, in __call__
    return self.main(*args, **kwargs)
  File "/workspace/.venv/lib/python3.10/site-packages/click/core.py", line 1078, in main
    rv = self.invoke(ctx)
  File "/workspace/.venv/lib/python3.10/site-packages/click/core.py", line 1434, in invoke
    return ctx.invoke(self.callback, **ctx.params)
  File "/workspace/.venv/lib/python3.10/site-packages/click/core.py", line 783, in invoke
    return __callback(*args, **kwargs)
  File "/workspace/.venv/lib/python3.10/site-packages/click/decorators.py", line 33, in new_func
    return f(get_current_context(), *args, **kwargs)
  File "/workspace/.venv/lib/python3.10/site-packages/papermill/cli.py", line 235, in papermill
    execute_notebook(
  File "/workspace/.venv/lib/python3.10/site-packages/papermill/execute.py", line 131, in execute_notebook
    raise_for_execution_errors(nb, output_path)
  File "/workspace/.venv/lib/python3.10/site-packages/papermill/execute.py", line 251, in raise_for_execution_errors
    raise error
papermill.exceptions.PapermillExecutionError: 
---------------------------------------------------------------------------
Exception encountered at "In [1]":
---------------------------------------------------------------------------
ModuleNotFoundError                       Traceback (most recent call last)
Cell In[1], line 2
      1 # Librerías necesarias
----> 2 from pymongo import MongoClient
      3 import pandas as pd
      4 import matplotlib.pyplot as plt

ModuleNotFoundError: No module named 'pymongo'

